This file contains any messages produced by compilers while
running configure, to aid debugging if configure makes a mistake.

It was created by jansson configure 2.5, which was
generated by GNU Autoconf 2.68.  Invocation command line was

  $ ./configure --disable-option-checking --prefix=/usr/local PKG_CONFIG_PATH=:/usr/local/lib/pkgconfig --cache-file=/dev/null --srcdir=.

## --------- ##
## Platform. ##
## --------- ##

hostname = Snowdon
uname -m = x86_64
uname -r = 3.2.0-23-generic
uname -s = Linux
uname -v = #36-Ubuntu SMP Tue Apr 10 20:39:51 UTC 2012

/usr/bin/uname -p = unknown
/bin/uname -X     = unknown

/bin/arch              = unknown
/usr/bin/arch -k       = unknown
/usr/convex/getsysinfo = unknown
/usr/bin/hostinfo      = unknown
/bin/machine           = unknown
/usr/bin/oslevel       = unknown
/bin/universe          = unknown

PATH: /usr/local/heroku/bin
PATH: /usr/local/sbin
PATH: /usr/local/bin
PATH: /usr/sbin
PATH: /usr/bin
PATH: /sbin
PATH: /bin
PATH: /usr/games


## ----------- ##
## Core tests. ##
## ----------- ##

configure:2305: checking for a BSD-compatible install
configure:2373: result: /usr/bin/install -c
configure:2384: checking whether build environment is sane
configure:2434: result: yes
configure:2575: checking for a thread-safe mkdir -p
configure:2614: result: /bin/mkdir -p
configure:2627: checking for gawk
configure:2643: found /usr/bin/gawk
configure:2654: result: gawk
configure:2665: checking whether make sets $(MAKE)
configure:2687: result: yes
configure:2821: checking for gcc
configure:2837: found /usr/bin/gcc
configure:2848: result: gcc
configure:3077: checking for C compiler version
configure:3086: gcc --version >&5
gcc (Ubuntu/Linaro 4.6.3-1ubuntu5) 4.6.3
Copyright (C) 2011 Free Software Foundation, Inc.
This is free software; see the source for copying conditions.  There is NO
warranty; not even for MERCHANTABILITY or FITNESS FOR A PARTICULAR PURPOSE.

configure:3097: $? = 0
configure:3086: gcc -v >&5
Using built-in specs.
COLLECT_GCC=gcc
COLLECT_LTO_WRAPPER=/usr/lib/gcc/x86_64-linux-gnu/4.6/lto-wrapper
Target: x86_64-linux-gnu
Configured with: ../src/configure -v --with-pkgversion='Ubuntu/Linaro 4.6.3-1ubuntu5' --with-bugurl=file:///usr/share/doc/gcc-4.6/README.Bugs --enable-languages=c,c++,fortran,objc,obj-c++ --prefix=/usr --program-suffix=-4.6 --enable-shared --enable-linker-build-id --with-system-zlib --libexecdir=/usr/lib --without-included-gettext --enable-threads=posix --with-gxx-include-dir=/usr/include/c++/4.6 --libdir=/usr/lib --enable-nls --with-sysroot=/ --enable-clocale=gnu --enable-libstdcxx-debug --enable-libstdcxx-time=yes --enable-gnu-unique-object --enable-plugin --enable-objc-gc --disable-werror --with-arch-32=i686 --with-tune=generic --enable-checking=release --build=x86_64-linux-gnu --host=x86_64-linux-gnu --target=x86_64-linux-gnu
Thread model: posix
gcc version 4.6.3 (Ubuntu/Linaro 4.6.3-1ubuntu5) 
configure:3097: $? = 0
configure:3086: gcc -V >&5
gcc: error: unrecognized option '-V'
gcc: fatal error: no input files
compilation terminated.
configure:3097: $? = 4
configure:3086: gcc -qversion >&5
gcc: error: unrecognized option '-qversion'
gcc: fatal error: no input files
compilation terminated.
configure:3097: $? = 4
configure:3117: checking whether the C compiler works
configure:3139: gcc    conftest.c  >&5
configure:3143: $? = 0
configure:3191: result: yes
configure:3194: checking for C compiler default output file name
configure:3196: result: a.out
configure:3202: checking for suffix of executables
configure:3209: gcc -o conftest    conftest.c  >&5
configure:3213: $? = 0
configure:3235: result: 
configure:3257: checking whether we are cross compiling
configure:3265: gcc -o conftest    conftest.c  >&5
configure:3269: $? = 0
configure:3276: ./conftest
configure:3280: $? = 0
configure:3295: result: no
configure:3300: checking for suffix of object files
configure:3322: gcc -c   conftest.c >&5
configure:3326: $? = 0
configure:3347: result: o
configure:3351: checking whether we are using the GNU C compiler
configure:3370: gcc -c   conftest.c >&5
configure:3370: $? = 0
configure:3379: result: yes
configure:3388: checking whether gcc accepts -g
configure:3408: gcc -c -g  conftest.c >&5
configure:3408: $? = 0
configure:3449: result: yes
configure:3466: checking for gcc option to accept ISO C89
configure:3530: gcc  -c -g -O2  conftest.c >&5
configure:3530: $? = 0
configure:3543: result: none needed
configure:3574: checking for style of include used by make
configure:3602: result: GNU
configure:3628: checking dependency style of gcc
configure:3739: result: gcc3
configure:3783: checking build system type
configure:3797: result: x86_64-unknown-linux-gnu
configure:3817: checking host system type
configure:3830: result: x86_64-unknown-linux-gnu
configure:3871: checking how to print strings
configure:3898: result: printf
configure:3919: checking for a sed that does not truncate output
configure:3983: result: /bin/sed
configure:4001: checking for grep that handles long lines and -e
configure:4059: result: /bin/grep
configure:4064: checking for egrep
configure:4126: result: /bin/grep -E
configure:4131: checking for fgrep
configure:4193: result: /bin/grep -F
configure:4228: checking for ld used by gcc
configure:4295: result: /usr/bin/ld
configure:4302: checking if the linker (/usr/bin/ld) is GNU ld
configure:4317: result: yes
configure:4329: checking for BSD- or MS-compatible name lister (nm)
configure:4378: result: /usr/bin/nm -B
configure:4508: checking the name lister (/usr/bin/nm -B) interface
configure:4515: gcc -c -g -O2  conftest.c >&5
configure:4518: /usr/bin/nm -B "conftest.o"
configure:4521: output
0000000000000000 B some_variable
configure:4528: result: BSD nm
configure:4531: checking whether ln -s works
configure:4535: result: yes
configure:4543: checking the maximum length of command line arguments
configure:4673: result: 1572864
configure:4690: checking whether the shell understands some XSI constructs
configure:4700: result: yes
configure:4704: checking whether the shell understands "+="
configure:4710: result: yes
configure:4745: checking how to convert x86_64-unknown-linux-gnu file names to x86_64-unknown-linux-gnu format
configure:4785: result: func_convert_file_noop
configure:4792: checking how to convert x86_64-unknown-linux-gnu file names to toolchain format
configure:4812: result: func_convert_file_noop
configure:4819: checking for /usr/bin/ld option to reload object files
configure:4826: result: -r
configure:4900: checking for objdump
configure:4916: found /usr/bin/objdump
configure:4927: result: objdump
configure:4959: checking how to recognize dependent libraries
configure:5161: result: pass_all
configure:5246: checking for dlltool
configure:5276: result: no
configure:5306: checking how to associate runtime and link libraries
configure:5333: result: printf %s\n
configure:5394: checking for ar
configure:5410: found /usr/bin/ar
configure:5421: result: ar
configure:5458: checking for archiver @FILE support
configure:5475: gcc -c -g -O2  conftest.c >&5
configure:5475: $? = 0
configure:5478: ar cru libconftest.a @conftest.lst >&5
configure:5481: $? = 0
configure:5486: ar cru libconftest.a @conftest.lst >&5
ar: conftest.o: No such file or directory
configure:5489: $? = 1
configure:5501: result: @
configure:5559: checking for strip
configure:5575: found /usr/bin/strip
configure:5586: result: strip
configure:5658: checking for ranlib
configure:5674: found /usr/bin/ranlib
configure:5685: result: ranlib
configure:5787: checking command to parse /usr/bin/nm -B output from gcc object
configure:5907: gcc -c -g -O2  conftest.c >&5
configure:5910: $? = 0
configure:5914: /usr/bin/nm -B conftest.o \| sed -n -e 's/^.*[ ]\([ABCDGIRSTW][ABCDGIRSTW]*\)[ ][ ]*\([_A-Za-z][_A-Za-z0-9]*\)$/\1 \2 \2/p' | sed '/ __gnu_lto/d' \> conftest.nm
configure:5917: $? = 0
configure:5983: gcc -o conftest -g -O2   conftest.c conftstm.o >&5
configure:5986: $? = 0
configure:6024: result: ok
configure:6061: checking for sysroot
configure:6091: result: no
configure:6168: gcc -c -g -O2  conftest.c >&5
configure:6171: $? = 0
configure:6347: checking for mt
configure:6363: found /bin/mt
configure:6374: result: mt
configure:6397: checking if mt is a manifest tool
configure:6403: mt '-?'
configure:6411: result: no
configure:7053: checking how to run the C preprocessor
configure:7084: gcc -E  conftest.c
configure:7084: $? = 0
configure:7098: gcc -E  conftest.c
conftest.c:11:28: fatal error: ac_nonexistent.h: No such file or directory
compilation terminated.
configure:7098: $? = 1
configure: failed program was:
| /* confdefs.h */
| #define PACKAGE_NAME "jansson"
| #define PACKAGE_TARNAME "jansson"
| #define PACKAGE_VERSION "2.5"
| #define PACKAGE_STRING "jansson 2.5"
| #define PACKAGE_BUGREPORT "petri@digip.org"
| #define PACKAGE_URL ""
| #define PACKAGE "jansson"
| #define VERSION "2.5"
| /* end confdefs.h.  */
| #include <ac_nonexistent.h>
configure:7123: result: gcc -E
configure:7143: gcc -E  conftest.c
configure:7143: $? = 0
configure:7157: gcc -E  conftest.c
conftest.c:11:28: fatal error: ac_nonexistent.h: No such file or directory
compilation terminated.
configure:7157: $? = 1
configure: failed program was:
| /* confdefs.h */
| #define PACKAGE_NAME "jansson"
| #define PACKAGE_TARNAME "jansson"
| #define PACKAGE_VERSION "2.5"
| #define PACKAGE_STRING "jansson 2.5"
| #define PACKAGE_BUGREPORT "petri@digip.org"
| #define PACKAGE_URL ""
| #define PACKAGE "jansson"
| #define VERSION "2.5"
| /* end confdefs.h.  */
| #include <ac_nonexistent.h>
configure:7186: checking for ANSI C header files
configure:7206: gcc -c -g -O2  conftest.c >&5
configure:7206: $? = 0
configure:7279: gcc -o conftest -g -O2   conftest.c  >&5
configure:7279: $? = 0
configure:7279: ./conftest
configure:7279: $? = 0
configure:7290: result: yes
configure:7303: checking for sys/types.h
configure:7303: gcc -c -g -O2  conftest.c >&5
configure:7303: $? = 0
configure:7303: result: yes
configure:7303: checking for sys/stat.h
configure:7303: gcc -c -g -O2  conftest.c >&5
configure:7303: $? = 0
configure:7303: result: yes
configure:7303: checking for stdlib.h
configure:7303: gcc -c -g -O2  conftest.c >&5
configure:7303: $? = 0
configure:7303: result: yes
configure:7303: checking for string.h
configure:7303: gcc -c -g -O2  conftest.c >&5
configure:7303: $? = 0
configure:7303: result: yes
configure:7303: checking for memory.h
configure:7303: gcc -c -g -O2  conftest.c >&5
configure:7303: $? = 0
configure:7303: result: yes
configure:7303: checking for strings.h
configure:7303: gcc -c -g -O2  conftest.c >&5
configure:7303: $? = 0
configure:7303: result: yes
configure:7303: checking for inttypes.h
configure:7303: gcc -c -g -O2  conftest.c >&5
configure:7303: $? = 0
configure:7303: result: yes
configure:7303: checking for stdint.h
configure:7303: gcc -c -g -O2  conftest.c >&5
configure:7303: $? = 0
configure:7303: result: yes
configure:7303: checking for unistd.h
configure:7303: gcc -c -g -O2  conftest.c >&5
configure:7303: $? = 0
configure:7303: result: yes
configure:7317: checking for dlfcn.h
configure:7317: gcc -c -g -O2  conftest.c >&5
configure:7317: $? = 0
configure:7317: result: yes
configure:7523: checking for objdir
configure:7538: result: .libs
configure:7809: checking if gcc supports -fno-rtti -fno-exceptions
configure:7827: gcc -c -g -O2  -fno-rtti -fno-exceptions conftest.c >&5
cc1: warning: command line option '-fno-rtti' is valid for C++/ObjC++ but not for C [enabled by default]
configure:7831: $? = 0
configure:7844: result: no
configure:8171: checking for gcc option to produce PIC
configure:8178: result: -fPIC -DPIC
configure:8186: checking if gcc PIC flag -fPIC -DPIC works
configure:8204: gcc -c -g -O2  -fPIC -DPIC -DPIC conftest.c >&5
configure:8208: $? = 0
configure:8221: result: yes
configure:8250: checking if gcc static flag -static works
configure:8278: result: yes
configure:8293: checking if gcc supports -c -o file.o
configure:8314: gcc -c -g -O2  -o out/conftest2.o conftest.c >&5
configure:8318: $? = 0
configure:8340: result: yes
configure:8348: checking if gcc supports -c -o file.o
configure:8395: result: yes
configure:8428: checking whether the gcc linker (/usr/bin/ld -m elf_x86_64) supports shared libraries
configure:9585: result: yes
configure:9622: checking whether -lc should be explicitly linked in
configure:9630: gcc -c -g -O2  conftest.c >&5
configure:9633: $? = 0
configure:9648: gcc -shared  -fPIC -DPIC conftest.o  -v -Wl,-soname -Wl,conftest -o conftest 2\>\&1 \| /bin/grep  -lc  \>/dev/null 2\>\&1
configure:9651: $? = 0
configure:9665: result: no
configure:9825: checking dynamic linker characteristics
configure:10336: gcc -o conftest -g -O2   -Wl,-rpath -Wl,/foo conftest.c  >&5
configure:10336: $? = 0
configure:10570: result: GNU/Linux ld.so
configure:10677: checking how to hardcode library paths into programs
configure:10702: result: immediate
configure:11242: checking whether stripping libraries is possible
configure:11247: result: yes
configure:11282: checking if libtool supports shared libraries
configure:11284: result: yes
configure:11287: checking whether to build shared libraries
configure:11308: result: yes
configure:11311: checking whether to build static libraries
configure:11315: result: yes
configure:11366: checking locale.h usability
configure:11366: gcc -c -g -O2  conftest.c >&5
configure:11366: $? = 0
configure:11366: result: yes
configure:11366: checking locale.h presence
configure:11366: gcc -E  conftest.c
configure:11366: $? = 0
configure:11366: result: yes
configure:11366: checking for locale.h
configure:11366: result: yes
configure:11378: checking for int32_t
configure:11378: gcc -c -g -O2  conftest.c >&5
configure:11378: $? = 0
configure:11378: gcc -c -g -O2  conftest.c >&5
conftest.c: In function 'main':
conftest.c:62:53: warning: integer overflow in expression [-Woverflow]
conftest.c:61:12: error: size of array 'test_array' is negative
conftest.c:61:12: error: storage size of 'test_array' isn't constant
configure:11378: $? = 1
configure: failed program was:
| /* confdefs.h */
| #define PACKAGE_NAME "jansson"
| #define PACKAGE_TARNAME "jansson"
| #define PACKAGE_VERSION "2.5"
| #define PACKAGE_STRING "jansson 2.5"
| #define PACKAGE_BUGREPORT "petri@digip.org"
| #define PACKAGE_URL ""
| #define PACKAGE "jansson"
| #define VERSION "2.5"
| #define STDC_HEADERS 1
| #define HAVE_SYS_TYPES_H 1
| #define HAVE_SYS_STAT_H 1
| #define HAVE_STDLIB_H 1
| #define HAVE_STRING_H 1
| #define HAVE_MEMORY_H 1
| #define HAVE_STRINGS_H 1
| #define HAVE_INTTYPES_H 1
| #define HAVE_STDINT_H 1
| #define HAVE_UNISTD_H 1
| #define HAVE_DLFCN_H 1
| #define LT_OBJDIR ".libs/"
| #define HAVE_LOCALE_H 1
| /* end confdefs.h.  */
| #include <stdio.h>
| #ifdef HAVE_SYS_TYPES_H
| # include <sys/types.h>
| #endif
| #ifdef HAVE_SYS_STAT_H
| # include <sys/stat.h>
| #endif
| #ifdef STDC_HEADERS
| # include <stdlib.h>
| # include <stddef.h>
| #else
| # ifdef HAVE_STDLIB_H
| #  include <stdlib.h>
| # endif
| #endif
| #ifdef HAVE_STRING_H
| # if !defined STDC_HEADERS && defined HAVE_MEMORY_H
| #  include <memory.h>
| # endif
| # include <string.h>
| #endif
| #ifdef HAVE_STRINGS_H
| # include <strings.h>
| #endif
| #ifdef HAVE_INTTYPES_H
| # include <inttypes.h>
| #endif
| #ifdef HAVE_STDINT_H
| # include <stdint.h>
| #endif
| #ifdef HAVE_UNISTD_H
| # include <unistd.h>
| #endif
| 	        enum { N = 32 / 2 - 1 };
| int
| main ()
| {
| static int test_array [1 - 2 * !((int32_t) (((((int32_t) 1 << N) << N) - 1) * 2 + 1)
| 		 < (int32_t) (((((int32_t) 1 << N) << N) - 1) * 2 + 2))];
| test_array [0] = 0
| 
|   ;
|   return 0;
| }
configure:11378: result: yes
configure:11390: checking for long long int
configure:11427: gcc -o conftest -g -O2   conftest.c  >&5
configure:11427: $? = 0
configure:11457: gcc -o conftest -g -O2   conftest.c  >&5
configure:11457: $? = 0
configure:11457: ./conftest
configure:11457: $? = 0
configure:11472: result: yes
configure:11481: checking for inline
configure:11497: gcc -c -g -O2  conftest.c >&5
configure:11497: $? = 0
configure:11505: result: inline
configure:11534: checking for strtoll
configure:11534: gcc -o conftest -g -O2   conftest.c  >&5
configure:11534: $? = 0
configure:11534: result: yes
configure:11534: checking for localeconv
configure:11534: gcc -o conftest -g -O2   conftest.c  >&5
configure:11534: $? = 0
configure:11534: result: yes
configure:11692: creating ./config.status

## ---------------------- ##
## Running config.status. ##
## ---------------------- ##

This file was extended by jansson config.status 2.5, which was
generated by GNU Autoconf 2.68.  Invocation command line was

  CONFIG_FILES    = 
  CONFIG_HEADERS  = 
  CONFIG_LINKS    = 
  CONFIG_COMMANDS = 
  $ ./config.status 

on Snowdon

config.status:1100: creating jansson.pc
config.status:1100: creating Makefile
config.status:1100: creating src/Makefile
config.status:1100: creating src/jansson_config.h
config.status:1100: creating config.h
config.status:1281: config.h is unchanged
config.status:1329: executing depfiles commands
config.status:1329: executing libtool commands

## ---------------- ##
## Cache variables. ##
## ---------------- ##

ac_cv_build=x86_64-unknown-linux-gnu
ac_cv_c_compiler_gnu=yes
ac_cv_c_inline=inline
ac_cv_c_int32_t=yes
ac_cv_env_CC_set=
ac_cv_env_CC_value=
ac_cv_env_CFLAGS_set=
ac_cv_env_CFLAGS_value=
ac_cv_env_CPPFLAGS_set=
ac_cv_env_CPPFLAGS_value=
ac_cv_env_CPP_set=
ac_cv_env_CPP_value=
ac_cv_env_LDFLAGS_set=
ac_cv_env_LDFLAGS_value=
ac_cv_env_LIBS_set=
ac_cv_env_LIBS_value=
ac_cv_env_build_alias_set=
ac_cv_env_build_alias_value=
ac_cv_env_host_alias_set=
ac_cv_env_host_alias_value=
ac_cv_env_target_alias_set=
ac_cv_env_target_alias_value=
ac_cv_func_localeconv=yes
ac_cv_func_strtoll=yes
ac_cv_header_dlfcn_h=yes
ac_cv_header_inttypes_h=yes
ac_cv_header_locale_h=yes
ac_cv_header_memory_h=yes
ac_cv_header_stdc=yes
ac_cv_header_stdint_h=yes
ac_cv_header_stdlib_h=yes
ac_cv_header_string_h=yes
ac_cv_header_strings_h=yes
ac_cv_header_sys_stat_h=yes
ac_cv_header_sys_types_h=yes
ac_cv_header_unistd_h=yes
ac_cv_host=x86_64-unknown-linux-gnu
ac_cv_objext=o
ac_cv_path_EGREP='/bin/grep -E'
ac_cv_path_FGREP='/bin/grep -F'
ac_cv_path_GREP=/bin/grep
ac_cv_path_SED=/bin/sed
ac_cv_path_install='/usr/bin/install -c'
ac_cv_path_mkdir=/bin/mkdir
ac_cv_prog_AWK=gawk
ac_cv_prog_CPP='gcc -E'
ac_cv_prog_ac_ct_AR=ar
ac_cv_prog_ac_ct_CC=gcc
ac_cv_prog_ac_ct_MANIFEST_TOOL=mt
ac_cv_prog_ac_ct_OBJDUMP=objdump
ac_cv_prog_ac_ct_RANLIB=ranlib
ac_cv_prog_ac_ct_STRIP=strip
ac_cv_prog_cc_c89=
ac_cv_prog_cc_g=yes
ac_cv_prog_make_make_set=yes
ac_cv_type_long_long_int=yes
am_cv_CC_dependencies_compiler_type=gcc3
lt_cv_ar_at_file=@
lt_cv_archive_cmds_need_lc=no
lt_cv_deplibs_check_method=pass_all
lt_cv_file_magic_cmd='$MAGIC_CMD'
lt_cv_file_magic_test_file=
lt_cv_ld_reload_flag=-r
lt_cv_nm_interface='BSD nm'
lt_cv_objdir=.libs
lt_cv_path_LD=/usr/bin/ld
lt_cv_path_NM='/usr/bin/nm -B'
lt_cv_path_mainfest_tool=no
lt_cv_prog_compiler_c_o=yes
lt_cv_prog_compiler_pic='-fPIC -DPIC'
lt_cv_prog_compiler_pic_works=yes
lt_cv_prog_compiler_rtti_exceptions=no
lt_cv_prog_compiler_static_works=yes
lt_cv_prog_gnu_ld=yes
lt_cv_sharedlib_from_linklib_cmd='printf %s\n'
lt_cv_shlibpath_overrides_runpath=no
lt_cv_sys_global_symbol_pipe='sed -n -e '\''s/^.*[	 ]\([ABCDGIRSTW][ABCDGIRSTW]*\)[	 ][	 ]*\([_A-Za-z][_A-Za-z0-9]*\)$/\1 \2 \2/p'\'' | sed '\''/ __gnu_lto/d'\'''
lt_cv_sys_global_symbol_to_c_name_address='sed -n -e '\''s/^: \([^ ]*\)[ ]*$/  {\"\1\", (void *) 0},/p'\'' -e '\''s/^[ABCDGIRSTW]* \([^ ]*\) \([^ ]*\)$/  {"\2", (void *) \&\2},/p'\'''
lt_cv_sys_global_symbol_to_c_name_address_lib_prefix='sed -n -e '\''s/^: \([^ ]*\)[ ]*$/  {\"\1\", (void *) 0},/p'\'' -e '\''s/^[ABCDGIRSTW]* \([^ ]*\) \(lib[^ ]*\)$/  {"\2", (void *) \&\2},/p'\'' -e '\''s/^[ABCDGIRSTW]* \([^ ]*\) \([^ ]*\)$/  {"lib\2", (void *) \&\2},/p'\'''
lt_cv_sys_global_symbol_to_cdecl='sed -n -e '\''s/^T .* \(.*\)$/extern int \1();/p'\'' -e '\''s/^[ABCDGIRSTW]* .* \(.*\)$/extern char \1;/p'\'''
lt_cv_sys_max_cmd_len=1572864
lt_cv_to_host_file_cmd=func_convert_file_noop
lt_cv_to_tool_file_cmd=func_convert_file_noop

## ----------------- ##
## Output variables. ##
## ----------------- ##

ACLOCAL='${SHELL} /home/luke/Projects/cgminer_keccak/compat/jansson-2.5/missing --run aclocal-1.11'
AMDEPBACKSLASH='\'
AMDEP_FALSE='#'
AMDEP_TRUE=''
AMTAR='$${TAR-tar}'
AR='ar'
AUTOCONF='${SHELL} /home/luke/Projects/cgminer_keccak/compat/jansson-2.5/missing --run autoconf'
AUTOHEADER='${SHELL} /home/luke/Projects/cgminer_keccak/compat/jansson-2.5/missing --run autoheader'
AUTOMAKE='${SHELL} /home/luke/Projects/cgminer_keccak/compat/jansson-2.5/missing --run automake-1.11'
AWK='gawk'
CC='gcc'
CCDEPMODE='depmode=gcc3'
CFLAGS='-g -O2'
CPP='gcc -E'
CPPFLAGS=''
CYGPATH_W='echo'
DEFS='-DHAVE_CONFIG_H'
DEPDIR='.deps'
DLLTOOL='false'
DSYMUTIL=''
DUMPBIN=''
ECHO_C=''
ECHO_N='-n'
ECHO_T=''
EGREP='/bin/grep -E'
EXEEXT=''
FGREP='/bin/grep -F'
GCC_FALSE='#'
GCC_TRUE=''
GREP='/bin/grep'
INSTALL_DATA='${INSTALL} -m 644'
INSTALL_PROGRAM='${INSTALL}'
INSTALL_SCRIPT='${INSTALL}'
INSTALL_STRIP_PROGRAM='$(install_sh) -c -s'
LD='/usr/bin/ld -m elf_x86_64'
LDFLAGS=''
LIBOBJS=''
LIBS=''
LIBTOOL='$(SHELL) $(top_builddir)/libtool'
LIPO=''
LN_S='ln -s'
LTLIBOBJS=''
MAKEINFO='${SHELL} /home/luke/Projects/cgminer_keccak/compat/jansson-2.5/missing --run makeinfo'
MANIFEST_TOOL=':'
MKDIR_P='/bin/mkdir -p'
NM='/usr/bin/nm -B'
NMEDIT=''
OBJDUMP='objdump'
OBJEXT='o'
OTOOL64=''
OTOOL=''
PACKAGE='jansson'
PACKAGE_BUGREPORT='petri@digip.org'
PACKAGE_NAME='jansson'
PACKAGE_STRING='jansson 2.5'
PACKAGE_TARNAME='jansson'
PACKAGE_URL=''
PACKAGE_VERSION='2.5'
PATH_SEPARATOR=':'
RANLIB='ranlib'
SED='/bin/sed'
SET_MAKE=''
SHELL='/bin/bash'
STRIP='strip'
VERSION='2.5'
ac_ct_AR='ar'
ac_ct_CC='gcc'
ac_ct_DUMPBIN=''
am__EXEEXT_FALSE=''
am__EXEEXT_TRUE='#'
am__fastdepCC_FALSE='#'
am__fastdepCC_TRUE=''
am__include='include'
am__isrc=''
am__leading_dot='.'
am__nodep='_no'
am__quote=''
am__tar='$${TAR-tar} chof - "$$tardir"'
am__untar='$${TAR-tar} xf -'
bindir='${exec_prefix}/bin'
build='x86_64-unknown-linux-gnu'
build_alias=''
build_cpu='x86_64'
build_os='linux-gnu'
build_vendor='unknown'
datadir='${datarootdir}'
datarootdir='${prefix}/share'
docdir='${datarootdir}/doc/${PACKAGE_TARNAME}'
dvidir='${docdir}'
exec_prefix='${prefix}'
host='x86_64-unknown-linux-gnu'
host_alias=''
host_cpu='x86_64'
host_os='linux-gnu'
host_vendor='unknown'
htmldir='${docdir}'
includedir='${prefix}/include'
infodir='${datarootdir}/info'
install_sh='${SHELL} /home/luke/Projects/cgminer_keccak/compat/jansson-2.5/install-sh'
json_have_localeconv='1'
json_have_long_long='1'
json_inline='inline'
libdir='${exec_prefix}/lib'
libexecdir='${exec_prefix}/libexec'
localedir='${datarootdir}/locale'
localstatedir='${prefix}/var'
mandir='${datarootdir}/man'
mkdir_p='/bin/mkdir -p'
oldincludedir='/usr/include'
pdfdir='${docdir}'
prefix='/usr/local'
program_transform_name='s,x,x,'
psdir='${docdir}'
sbindir='${exec_prefix}/sbin'
sharedstatedir='${prefix}/com'
sysconfdir='${prefix}/etc'
target_alias=''

## ----------- ##
## confdefs.h. ##
## ----------- ##

/* confdefs.h */
#define PACKAGE_NAME "jansson"
#define PACKAGE_TARNAME "jansson"
#define PACKAGE_VERSION "2.5"
#define PACKAGE_STRING "jansson 2.5"
#define PACKAGE_BUGREPORT "petri@digip.org"
#define PACKAGE_URL ""
#define PACKAGE "jansson"
#define VERSION "2.5"
#define STDC_HEADERS 1
#define HAVE_SYS_TYPES_H 1
#define HAVE_SYS_STAT_H 1
#define HAVE_STDLIB_H 1
#define HAVE_STRING_H 1
#define HAVE_MEMORY_H 1
#define HAVE_STRINGS_H 1
#define HAVE_INTTYPES_H 1
#define HAVE_STDINT_H 1
#define HAVE_UNISTD_H 1
#define HAVE_DLFCN_H 1
#define LT_OBJDIR ".libs/"
#define HAVE_LOCALE_H 1
#define HAVE_LONG_LONG_INT 1
#define HAVE_STRTOLL 1
#define HAVE_LOCALECONV 1

configure: exit 0
