This file contains any messages produced by compilers while
running configure, to aid debugging if configure makes a mistake.

It was created by libusb configure 1.0.16-rc10, which was
generated by GNU Autoconf 2.68.  Invocation command line was

  $ ./configure --disable-option-checking --prefix=/usr/local PKG_CONFIG_PATH=:/usr/local/lib/pkgconfig --cache-file=/dev/null --srcdir=.

## --------- ##
## Platform. ##
## --------- ##

hostname = Snowdon
uname -m = x86_64
uname -r = 3.2.0-23-generic
uname -s = Linux
uname -v = #36-Ubuntu SMP Tue Apr 10 20:39:51 UTC 2012

/usr/bin/uname -p = unknown
/bin/uname -X     = unknown

/bin/arch              = unknown
/usr/bin/arch -k       = unknown
/usr/convex/getsysinfo = unknown
/usr/bin/hostinfo      = unknown
/bin/machine           = unknown
/usr/bin/oslevel       = unknown
/bin/universe          = unknown

PATH: /usr/local/heroku/bin
PATH: /usr/local/sbin
PATH: /usr/local/bin
PATH: /usr/sbin
PATH: /usr/bin
PATH: /sbin
PATH: /bin
PATH: /usr/games


## ----------- ##
## Core tests. ##
## ----------- ##

configure:2382: checking for a BSD-compatible install
configure:2450: result: /usr/bin/install -c
configure:2461: checking whether build environment is sane
configure:2511: result: yes
configure:2652: checking for a thread-safe mkdir -p
configure:2691: result: /bin/mkdir -p
configure:2704: checking for gawk
configure:2720: found /usr/bin/gawk
configure:2731: result: gawk
configure:2742: checking whether make sets $(MAKE)
configure:2764: result: yes
configure:2845: checking whether to enable maintainer-specific portions of Makefiles
configure:2854: result: no
configure:2883: checking whether make supports nested variables
configure:2900: result: yes
configure:2961: checking for gcc
configure:2977: found /usr/bin/gcc
configure:2988: result: gcc
configure:3217: checking for C compiler version
configure:3226: gcc --version >&5
gcc (Ubuntu/Linaro 4.6.3-1ubuntu5) 4.6.3
Copyright (C) 2011 Free Software Foundation, Inc.
This is free software; see the source for copying conditions.  There is NO
warranty; not even for MERCHANTABILITY or FITNESS FOR A PARTICULAR PURPOSE.

configure:3237: $? = 0
configure:3226: gcc -v >&5
Using built-in specs.
COLLECT_GCC=gcc
COLLECT_LTO_WRAPPER=/usr/lib/gcc/x86_64-linux-gnu/4.6/lto-wrapper
Target: x86_64-linux-gnu
Configured with: ../src/configure -v --with-pkgversion='Ubuntu/Linaro 4.6.3-1ubuntu5' --with-bugurl=file:///usr/share/doc/gcc-4.6/README.Bugs --enable-languages=c,c++,fortran,objc,obj-c++ --prefix=/usr --program-suffix=-4.6 --enable-shared --enable-linker-build-id --with-system-zlib --libexecdir=/usr/lib --without-included-gettext --enable-threads=posix --with-gxx-include-dir=/usr/include/c++/4.6 --libdir=/usr/lib --enable-nls --with-sysroot=/ --enable-clocale=gnu --enable-libstdcxx-debug --enable-libstdcxx-time=yes --enable-gnu-unique-object --enable-plugin --enable-objc-gc --disable-werror --with-arch-32=i686 --with-tune=generic --enable-checking=release --build=x86_64-linux-gnu --host=x86_64-linux-gnu --target=x86_64-linux-gnu
Thread model: posix
gcc version 4.6.3 (Ubuntu/Linaro 4.6.3-1ubuntu5) 
configure:3237: $? = 0
configure:3226: gcc -V >&5
gcc: error: unrecognized option '-V'
gcc: fatal error: no input files
compilation terminated.
configure:3237: $? = 4
configure:3226: gcc -qversion >&5
gcc: error: unrecognized option '-qversion'
gcc: fatal error: no input files
compilation terminated.
configure:3237: $? = 4
configure:3257: checking whether the C compiler works
configure:3279: gcc    conftest.c  >&5
configure:3283: $? = 0
configure:3331: result: yes
configure:3334: checking for C compiler default output file name
configure:3336: result: a.out
configure:3342: checking for suffix of executables
configure:3349: gcc -o conftest    conftest.c  >&5
configure:3353: $? = 0
configure:3375: result: 
configure:3397: checking whether we are cross compiling
configure:3405: gcc -o conftest    conftest.c  >&5
configure:3409: $? = 0
configure:3416: ./conftest
configure:3420: $? = 0
configure:3435: result: no
configure:3440: checking for suffix of object files
configure:3462: gcc -c   conftest.c >&5
configure:3466: $? = 0
configure:3487: result: o
configure:3491: checking whether we are using the GNU C compiler
configure:3510: gcc -c   conftest.c >&5
configure:3510: $? = 0
configure:3519: result: yes
configure:3528: checking whether gcc accepts -g
configure:3548: gcc -c -g  conftest.c >&5
configure:3548: $? = 0
configure:3589: result: yes
configure:3606: checking for gcc option to accept ISO C89
configure:3670: gcc  -c -g -O2  conftest.c >&5
configure:3670: $? = 0
configure:3683: result: none needed
configure:3714: checking for style of include used by make
configure:3742: result: GNU
configure:3768: checking dependency style of gcc
configure:3879: result: gcc3
configure:3923: checking build system type
configure:3937: result: x86_64-unknown-linux-gnu
configure:3957: checking host system type
configure:3970: result: x86_64-unknown-linux-gnu
configure:4011: checking how to print strings
configure:4038: result: printf
configure:4059: checking for a sed that does not truncate output
configure:4123: result: /bin/sed
configure:4141: checking for grep that handles long lines and -e
configure:4199: result: /bin/grep
configure:4204: checking for egrep
configure:4266: result: /bin/grep -E
configure:4271: checking for fgrep
configure:4333: result: /bin/grep -F
configure:4368: checking for ld used by gcc
configure:4435: result: /usr/bin/ld
configure:4442: checking if the linker (/usr/bin/ld) is GNU ld
configure:4457: result: yes
configure:4469: checking for BSD- or MS-compatible name lister (nm)
configure:4518: result: /usr/bin/nm -B
configure:4648: checking the name lister (/usr/bin/nm -B) interface
configure:4655: gcc -c -g -O2  conftest.c >&5
configure:4658: /usr/bin/nm -B "conftest.o"
configure:4661: output
0000000000000000 B some_variable
configure:4668: result: BSD nm
configure:4671: checking whether ln -s works
configure:4675: result: yes
configure:4683: checking the maximum length of command line arguments
configure:4813: result: 1572864
configure:4830: checking whether the shell understands some XSI constructs
configure:4840: result: yes
configure:4844: checking whether the shell understands "+="
configure:4850: result: yes
configure:4885: checking how to convert x86_64-unknown-linux-gnu file names to x86_64-unknown-linux-gnu format
configure:4925: result: func_convert_file_noop
configure:4932: checking how to convert x86_64-unknown-linux-gnu file names to toolchain format
configure:4952: result: func_convert_file_noop
configure:4959: checking for /usr/bin/ld option to reload object files
configure:4966: result: -r
configure:5040: checking for objdump
configure:5056: found /usr/bin/objdump
configure:5067: result: objdump
configure:5099: checking how to recognize dependent libraries
configure:5301: result: pass_all
configure:5386: checking for dlltool
configure:5416: result: no
configure:5446: checking how to associate runtime and link libraries
configure:5473: result: printf %s\n
configure:5534: checking for ar
configure:5550: found /usr/bin/ar
configure:5561: result: ar
configure:5598: checking for archiver @FILE support
configure:5615: gcc -c -g -O2  conftest.c >&5
configure:5615: $? = 0
configure:5618: ar cru libconftest.a @conftest.lst >&5
configure:5621: $? = 0
configure:5626: ar cru libconftest.a @conftest.lst >&5
ar: conftest.o: No such file or directory
configure:5629: $? = 1
configure:5641: result: @
configure:5699: checking for strip
configure:5715: found /usr/bin/strip
configure:5726: result: strip
configure:5798: checking for ranlib
configure:5814: found /usr/bin/ranlib
configure:5825: result: ranlib
configure:5927: checking command to parse /usr/bin/nm -B output from gcc object
configure:6047: gcc -c -g -O2  conftest.c >&5
configure:6050: $? = 0
configure:6054: /usr/bin/nm -B conftest.o \| sed -n -e 's/^.*[ ]\([ABCDGIRSTW][ABCDGIRSTW]*\)[ ][ ]*\([_A-Za-z][_A-Za-z0-9]*\)$/\1 \2 \2/p' | sed '/ __gnu_lto/d' \> conftest.nm
configure:6057: $? = 0
configure:6123: gcc -o conftest -g -O2   conftest.c conftstm.o >&5
configure:6126: $? = 0
configure:6164: result: ok
configure:6201: checking for sysroot
configure:6231: result: no
configure:6308: gcc -c -g -O2  conftest.c >&5
configure:6311: $? = 0
configure:6487: checking for mt
configure:6503: found /bin/mt
configure:6514: result: mt
configure:6537: checking if mt is a manifest tool
configure:6543: mt '-?'
configure:6551: result: no
configure:7193: checking how to run the C preprocessor
configure:7224: gcc -E  conftest.c
configure:7224: $? = 0
configure:7238: gcc -E  conftest.c
conftest.c:11:28: fatal error: ac_nonexistent.h: No such file or directory
compilation terminated.
configure:7238: $? = 1
configure: failed program was:
| /* confdefs.h */
| #define PACKAGE_NAME "libusb"
| #define PACKAGE_TARNAME "libusb"
| #define PACKAGE_VERSION "1.0.16-rc10"
| #define PACKAGE_STRING "libusb 1.0.16-rc10"
| #define PACKAGE_BUGREPORT "libusb-devel@lists.sourceforge.net"
| #define PACKAGE_URL "http://www.libusb.org/"
| #define PACKAGE "libusb"
| #define VERSION "1.0.16-rc10"
| /* end confdefs.h.  */
| #include <ac_nonexistent.h>
configure:7263: result: gcc -E
configure:7283: gcc -E  conftest.c
configure:7283: $? = 0
configure:7297: gcc -E  conftest.c
conftest.c:11:28: fatal error: ac_nonexistent.h: No such file or directory
compilation terminated.
configure:7297: $? = 1
configure: failed program was:
| /* confdefs.h */
| #define PACKAGE_NAME "libusb"
| #define PACKAGE_TARNAME "libusb"
| #define PACKAGE_VERSION "1.0.16-rc10"
| #define PACKAGE_STRING "libusb 1.0.16-rc10"
| #define PACKAGE_BUGREPORT "libusb-devel@lists.sourceforge.net"
| #define PACKAGE_URL "http://www.libusb.org/"
| #define PACKAGE "libusb"
| #define VERSION "1.0.16-rc10"
| /* end confdefs.h.  */
| #include <ac_nonexistent.h>
configure:7326: checking for ANSI C header files
configure:7346: gcc -c -g -O2  conftest.c >&5
configure:7346: $? = 0
configure:7419: gcc -o conftest -g -O2   conftest.c  >&5
configure:7419: $? = 0
configure:7419: ./conftest
configure:7419: $? = 0
configure:7430: result: yes
configure:7443: checking for sys/types.h
configure:7443: gcc -c -g -O2  conftest.c >&5
configure:7443: $? = 0
configure:7443: result: yes
configure:7443: checking for sys/stat.h
configure:7443: gcc -c -g -O2  conftest.c >&5
configure:7443: $? = 0
configure:7443: result: yes
configure:7443: checking for stdlib.h
configure:7443: gcc -c -g -O2  conftest.c >&5
configure:7443: $? = 0
configure:7443: result: yes
configure:7443: checking for string.h
configure:7443: gcc -c -g -O2  conftest.c >&5
configure:7443: $? = 0
configure:7443: result: yes
configure:7443: checking for memory.h
configure:7443: gcc -c -g -O2  conftest.c >&5
configure:7443: $? = 0
configure:7443: result: yes
configure:7443: checking for strings.h
configure:7443: gcc -c -g -O2  conftest.c >&5
configure:7443: $? = 0
configure:7443: result: yes
configure:7443: checking for inttypes.h
configure:7443: gcc -c -g -O2  conftest.c >&5
configure:7443: $? = 0
configure:7443: result: yes
configure:7443: checking for stdint.h
configure:7443: gcc -c -g -O2  conftest.c >&5
configure:7443: $? = 0
configure:7443: result: yes
configure:7443: checking for unistd.h
configure:7443: gcc -c -g -O2  conftest.c >&5
configure:7443: $? = 0
configure:7443: result: yes
configure:7457: checking for dlfcn.h
configure:7457: gcc -c -g -O2  conftest.c >&5
configure:7457: $? = 0
configure:7457: result: yes
configure:7663: checking for objdir
configure:7678: result: .libs
configure:7949: checking if gcc supports -fno-rtti -fno-exceptions
configure:7967: gcc -c -g -O2  -fno-rtti -fno-exceptions conftest.c >&5
cc1: warning: command line option '-fno-rtti' is valid for C++/ObjC++ but not for C [enabled by default]
configure:7971: $? = 0
configure:7984: result: no
configure:8311: checking for gcc option to produce PIC
configure:8318: result: -fPIC -DPIC
configure:8326: checking if gcc PIC flag -fPIC -DPIC works
configure:8344: gcc -c -g -O2  -fPIC -DPIC -DPIC conftest.c >&5
configure:8348: $? = 0
configure:8361: result: yes
configure:8390: checking if gcc static flag -static works
configure:8418: result: yes
configure:8433: checking if gcc supports -c -o file.o
configure:8454: gcc -c -g -O2  -o out/conftest2.o conftest.c >&5
configure:8458: $? = 0
configure:8480: result: yes
configure:8488: checking if gcc supports -c -o file.o
configure:8535: result: yes
configure:8568: checking whether the gcc linker (/usr/bin/ld -m elf_x86_64) supports shared libraries
configure:9725: result: yes
configure:9762: checking whether -lc should be explicitly linked in
configure:9770: gcc -c -g -O2  conftest.c >&5
configure:9773: $? = 0
configure:9788: gcc -shared  -fPIC -DPIC conftest.o  -v -Wl,-soname -Wl,conftest -o conftest 2\>\&1 \| /bin/grep  -lc  \>/dev/null 2\>\&1
configure:9791: $? = 0
configure:9805: result: no
configure:9965: checking dynamic linker characteristics
configure:10476: gcc -o conftest -g -O2   -Wl,-rpath -Wl,/foo conftest.c  >&5
configure:10476: $? = 0
configure:10710: result: GNU/Linux ld.so
configure:10817: checking how to hardcode library paths into programs
configure:10842: result: immediate
configure:11382: checking whether stripping libraries is possible
configure:11387: result: yes
configure:11422: checking if libtool supports shared libraries
configure:11424: result: yes
configure:11427: checking whether to build shared libraries
configure:11448: result: yes
configure:11451: checking whether to build static libraries
configure:11455: result: yes
configure:11535: checking for windres
configure:11565: result: no
configure:11669: checking for inline
configure:11685: gcc -c -g -O2  conftest.c >&5
configure:11685: $? = 0
configure:11693: result: inline
configure:11712: checking whether gcc and cc understand -c and -o together
configure:11743: gcc -c conftest.c -o conftest2.o >&5
configure:11747: $? = 0
configure:11753: gcc -c conftest.c -o conftest2.o >&5
configure:11757: $? = 0
configure:11768: cc -c conftest.c >&5
configure:11772: $? = 0
configure:11780: cc -c conftest.c -o conftest2.o >&5
configure:11784: $? = 0
configure:11790: cc -c conftest.c -o conftest2.o >&5
configure:11794: $? = 0
configure:11812: result: yes
configure:11843: checking operating system
configure:11847: result: Linux
configure:11886: checking for clock_gettime in -lrt
configure:11911: gcc -o conftest -g -O2   conftest.c -lrt   >&5
configure:11911: $? = 0
configure:11920: result: yes
configure:11937: checking libudev.h usability
configure:11937: gcc -c -g -O2  conftest.c >&5
configure:11937: $? = 0
configure:11937: result: yes
configure:11937: checking libudev.h presence
configure:11937: gcc -E  conftest.c
configure:11937: $? = 0
configure:11937: result: yes
configure:11937: checking for libudev.h
configure:11937: result: yes
configure:11949: checking for udev_new in -ludev
configure:11974: gcc -o conftest -g -O2   conftest.c -ludev   >&5
configure:11974: $? = 0
configure:11983: result: yes
configure:12022: checking poll.h usability
configure:12022: gcc -c -g -O2  conftest.c >&5
configure:12022: $? = 0
configure:12022: result: yes
configure:12022: checking poll.h presence
configure:12022: gcc -E  conftest.c
configure:12022: $? = 0
configure:12022: result: yes
configure:12022: checking for poll.h
configure:12022: result: yes
configure:12162: checking sys/timerfd.h usability
configure:12162: gcc -c -g -O2  conftest.c >&5
configure:12162: $? = 0
configure:12162: result: yes
configure:12162: checking sys/timerfd.h presence
configure:12162: gcc -E  conftest.c
configure:12162: $? = 0
configure:12162: result: yes
configure:12162: checking for sys/timerfd.h
configure:12162: result: yes
configure:12182: checking whether TFD_NONBLOCK is declared
configure:12182: gcc -c -g -O2  conftest.c >&5
configure:12182: $? = 0
configure:12182: result: yes
configure:12194: checking whether to use timerfd for timing
configure:12201: result: yes
configure:12212: checking for struct timespec
configure:12212: gcc -c -g -O2  conftest.c >&5
configure:12212: $? = 0
configure:12212: gcc -c -g -O2  conftest.c >&5
conftest.c: In function 'main':
conftest.c:68:30: error: expected expression before ')' token
configure:12212: $? = 1
configure: failed program was:
| /* confdefs.h */
| #define PACKAGE_NAME "libusb"
| #define PACKAGE_TARNAME "libusb"
| #define PACKAGE_VERSION "1.0.16-rc10"
| #define PACKAGE_STRING "libusb 1.0.16-rc10"
| #define PACKAGE_BUGREPORT "libusb-devel@lists.sourceforge.net"
| #define PACKAGE_URL "http://www.libusb.org/"
| #define PACKAGE "libusb"
| #define VERSION "1.0.16-rc10"
| #define STDC_HEADERS 1
| #define HAVE_SYS_TYPES_H 1
| #define HAVE_SYS_STAT_H 1
| #define HAVE_STDLIB_H 1
| #define HAVE_STRING_H 1
| #define HAVE_MEMORY_H 1
| #define HAVE_STRINGS_H 1
| #define HAVE_INTTYPES_H 1
| #define HAVE_STDINT_H 1
| #define HAVE_UNISTD_H 1
| #define HAVE_DLFCN_H 1
| #define LT_OBJDIR ".libs/"
| #define _GNU_SOURCE 1
| #define OS_LINUX 1
| #define HAVE_LIBUDEV_H 1
| #define HAVE_LIBUDEV 1
| #define USE_UDEV 1
| #define HAVE_POLL_H 1
| #define POLL_NFDS_TYPE nfds_t
| #define THREADS_POSIX 1
| #define USBI_TIMERFD_AVAILABLE 1
| /* end confdefs.h.  */
| #include <stdio.h>
| #ifdef HAVE_SYS_TYPES_H
| # include <sys/types.h>
| #endif
| #ifdef HAVE_SYS_STAT_H
| # include <sys/stat.h>
| #endif
| #ifdef STDC_HEADERS
| # include <stdlib.h>
| # include <stddef.h>
| #else
| # ifdef HAVE_STDLIB_H
| #  include <stdlib.h>
| # endif
| #endif
| #ifdef HAVE_STRING_H
| # if !defined STDC_HEADERS && defined HAVE_MEMORY_H
| #  include <memory.h>
| # endif
| # include <string.h>
| #endif
| #ifdef HAVE_STRINGS_H
| # include <strings.h>
| #endif
| #ifdef HAVE_INTTYPES_H
| # include <inttypes.h>
| #endif
| #ifdef HAVE_STDINT_H
| # include <stdint.h>
| #endif
| #ifdef HAVE_UNISTD_H
| # include <unistd.h>
| #endif
| int
| main ()
| {
| if (sizeof ((struct timespec)))
| 	    return 0;
|   ;
|   return 0;
| }
configure:12212: result: yes
configure:12282: gcc -c -g -O2 -Werror -fvisibility=hidden  conftest.c >&5
configure:12282: $? = 0
configure:12310: gcc -c -g -O2 -Wno-pointer-sign  conftest.c >&5
configure:12310: $? = 0
configure:12319: checking for sigaction
configure:12319: gcc -o conftest -g -O2   conftest.c -ludev  -pthread >&5
configure:12319: $? = 0
configure:12319: result: yes
configure:12338: checking sys/time.h usability
configure:12338: gcc -c -g -O2  conftest.c >&5
configure:12338: $? = 0
configure:12338: result: yes
configure:12338: checking sys/time.h presence
configure:12338: gcc -E  conftest.c
configure:12338: $? = 0
configure:12338: result: yes
configure:12338: checking for sys/time.h
configure:12338: result: yes
configure:12350: checking for gettimeofday
configure:12350: gcc -o conftest -g -O2   conftest.c -ludev  -pthread >&5
configure:12350: $? = 0
configure:12350: result: yes
configure:12537: creating ./config.status

## ---------------------- ##
## Running config.status. ##
## ---------------------- ##

This file was extended by libusb config.status 1.0.16-rc10, which was
generated by GNU Autoconf 2.68.  Invocation command line was

  CONFIG_FILES    = 
  CONFIG_HEADERS  = 
  CONFIG_LINKS    = 
  CONFIG_COMMANDS = 
  $ ./config.status 

on Snowdon

config.status:1180: creating libusb-1.0.pc
config.status:1180: creating Makefile
config.status:1180: creating libusb/Makefile
config.status:1180: creating config.h
config.status:1361: config.h is unchanged
config.status:1409: executing depfiles commands
config.status:1409: executing libtool commands

## ---------------- ##
## Cache variables. ##
## ---------------- ##

ac_cv_build=x86_64-unknown-linux-gnu
ac_cv_c_compiler_gnu=yes
ac_cv_c_inline=inline
ac_cv_env_CC_set=
ac_cv_env_CC_value=
ac_cv_env_CFLAGS_set=
ac_cv_env_CFLAGS_value=
ac_cv_env_CPPFLAGS_set=
ac_cv_env_CPPFLAGS_value=
ac_cv_env_CPP_set=
ac_cv_env_CPP_value=
ac_cv_env_LDFLAGS_set=
ac_cv_env_LDFLAGS_value=
ac_cv_env_LIBS_set=
ac_cv_env_LIBS_value=
ac_cv_env_build_alias_set=
ac_cv_env_build_alias_value=
ac_cv_env_host_alias_set=
ac_cv_env_host_alias_value=
ac_cv_env_target_alias_set=
ac_cv_env_target_alias_value=
ac_cv_func_gettimeofday=yes
ac_cv_func_sigaction=yes
ac_cv_have_decl_TFD_NONBLOCK=yes
ac_cv_header_dlfcn_h=yes
ac_cv_header_inttypes_h=yes
ac_cv_header_libudev_h=yes
ac_cv_header_memory_h=yes
ac_cv_header_poll_h=yes
ac_cv_header_stdc=yes
ac_cv_header_stdint_h=yes
ac_cv_header_stdlib_h=yes
ac_cv_header_string_h=yes
ac_cv_header_strings_h=yes
ac_cv_header_sys_stat_h=yes
ac_cv_header_sys_time_h=yes
ac_cv_header_sys_timerfd_h=yes
ac_cv_header_sys_types_h=yes
ac_cv_header_unistd_h=yes
ac_cv_host=x86_64-unknown-linux-gnu
ac_cv_lib_rt_clock_gettime=yes
ac_cv_lib_udev_udev_new=yes
ac_cv_objext=o
ac_cv_path_EGREP='/bin/grep -E'
ac_cv_path_FGREP='/bin/grep -F'
ac_cv_path_GREP=/bin/grep
ac_cv_path_SED=/bin/sed
ac_cv_path_install='/usr/bin/install -c'
ac_cv_path_mkdir=/bin/mkdir
ac_cv_prog_AWK=gawk
ac_cv_prog_CPP='gcc -E'
ac_cv_prog_ac_ct_AR=ar
ac_cv_prog_ac_ct_CC=gcc
ac_cv_prog_ac_ct_MANIFEST_TOOL=mt
ac_cv_prog_ac_ct_OBJDUMP=objdump
ac_cv_prog_ac_ct_RANLIB=ranlib
ac_cv_prog_ac_ct_STRIP=strip
ac_cv_prog_cc_c89=
ac_cv_prog_cc_g=yes
ac_cv_prog_cc_gcc_c_o=yes
ac_cv_prog_make_make_set=yes
ac_cv_type_struct_timespec=yes
am_cv_CC_dependencies_compiler_type=gcc3
am_cv_make_support_nested_variables=yes
lt_cv_ar_at_file=@
lt_cv_archive_cmds_need_lc=no
lt_cv_deplibs_check_method=pass_all
lt_cv_file_magic_cmd='$MAGIC_CMD'
lt_cv_file_magic_test_file=
lt_cv_ld_reload_flag=-r
lt_cv_nm_interface='BSD nm'
lt_cv_objdir=.libs
lt_cv_path_LD=/usr/bin/ld
lt_cv_path_NM='/usr/bin/nm -B'
lt_cv_path_mainfest_tool=no
lt_cv_prog_compiler_c_o=yes
lt_cv_prog_compiler_c_o_RC=yes
lt_cv_prog_compiler_pic='-fPIC -DPIC'
lt_cv_prog_compiler_pic_works=yes
lt_cv_prog_compiler_rtti_exceptions=no
lt_cv_prog_compiler_static_works=yes
lt_cv_prog_gnu_ld=yes
lt_cv_sharedlib_from_linklib_cmd='printf %s\n'
lt_cv_shlibpath_overrides_runpath=no
lt_cv_sys_global_symbol_pipe='sed -n -e '\''s/^.*[	 ]\([ABCDGIRSTW][ABCDGIRSTW]*\)[	 ][	 ]*\([_A-Za-z][_A-Za-z0-9]*\)$/\1 \2 \2/p'\'' | sed '\''/ __gnu_lto/d'\'''
lt_cv_sys_global_symbol_to_c_name_address='sed -n -e '\''s/^: \([^ ]*\)[ ]*$/  {\"\1\", (void *) 0},/p'\'' -e '\''s/^[ABCDGIRSTW]* \([^ ]*\) \([^ ]*\)$/  {"\2", (void *) \&\2},/p'\'''
lt_cv_sys_global_symbol_to_c_name_address_lib_prefix='sed -n -e '\''s/^: \([^ ]*\)[ ]*$/  {\"\1\", (void *) 0},/p'\'' -e '\''s/^[ABCDGIRSTW]* \([^ ]*\) \(lib[^ ]*\)$/  {"\2", (void *) \&\2},/p'\'' -e '\''s/^[ABCDGIRSTW]* \([^ ]*\) \([^ ]*\)$/  {"lib\2", (void *) \&\2},/p'\'''
lt_cv_sys_global_symbol_to_cdecl='sed -n -e '\''s/^T .* \(.*\)$/extern int \1();/p'\'' -e '\''s/^[ABCDGIRSTW]* .* \(.*\)$/extern char \1;/p'\'''
lt_cv_sys_max_cmd_len=1572864
lt_cv_to_host_file_cmd=func_convert_file_noop
lt_cv_to_tool_file_cmd=func_convert_file_noop

## ----------------- ##
## Output variables. ##
## ----------------- ##

ACLOCAL='${SHELL} /home/luke/Projects/cgminer_keccak/compat/libusb-1.0/missing --run aclocal-1.11'
AMDEPBACKSLASH='\'
AMDEP_FALSE='#'
AMDEP_TRUE=''
AMTAR='$${TAR-tar}'
AM_BACKSLASH='\'
AM_CFLAGS='-std=gnu99 -Wall -Wundef -Wunused -Wstrict-prototypes -Werror-implicit-function-declaration -Wno-pointer-sign -Wshadow -pthread -fvisibility=hidden'
AM_DEFAULT_V='$(AM_DEFAULT_VERBOSITY)'
AM_DEFAULT_VERBOSITY='0'
AM_V='$(V)'
AR='ar'
AUTOCONF='${SHELL} /home/luke/Projects/cgminer_keccak/compat/libusb-1.0/missing --run autoconf'
AUTOHEADER='${SHELL} /home/luke/Projects/cgminer_keccak/compat/libusb-1.0/missing --run autoheader'
AUTOMAKE='${SHELL} /home/luke/Projects/cgminer_keccak/compat/libusb-1.0/missing --run automake-1.11'
AWK='gawk'
BUILD_EXAMPLES_FALSE=''
BUILD_EXAMPLES_TRUE='#'
CC='gcc'
CCDEPMODE='depmode=gcc3'
CFLAGS='-g -O2'
CPP='gcc -E'
CPPFLAGS=''
CYGPATH_W='echo'
DEFS='-DHAVE_CONFIG_H'
DEPDIR='.deps'
DLLTOOL='false'
DSYMUTIL=''
DUMPBIN=''
ECHO_C=''
ECHO_N='-n'
ECHO_T=''
EGREP='/bin/grep -E'
EXEEXT=''
FGREP='/bin/grep -F'
GREP='/bin/grep'
HAVE_SIGACTION_FALSE='#'
HAVE_SIGACTION_TRUE=''
INSTALL_DATA='${INSTALL} -m 644'
INSTALL_PROGRAM='${INSTALL}'
INSTALL_SCRIPT='${INSTALL}'
INSTALL_STRIP_PROGRAM='$(install_sh) -c -s'
LD='/usr/bin/ld -m elf_x86_64'
LDFLAGS=''
LIBOBJS=''
LIBS='-ludev  -pthread'
LIBTOOL='$(SHELL) $(top_builddir)/libtool'
LIPO=''
LN_S='ln -s'
LTLDFLAGS='-version-info 2:0:0 -no-undefined'
LTLIBOBJS=''
MAINT='#'
MAINTAINER_MODE_FALSE=''
MAINTAINER_MODE_TRUE='#'
MAKEINFO='${SHELL} /home/luke/Projects/cgminer_keccak/compat/libusb-1.0/missing --run makeinfo'
MANIFEST_TOOL=':'
MKDIR_P='/bin/mkdir -p'
NM='/usr/bin/nm -B'
NMEDIT=''
OBJDUMP='objdump'
OBJEXT='o'
OS_DARWIN=''
OS_DARWIN_FALSE=''
OS_DARWIN_TRUE='#'
OS_LINUX=''
OS_LINUX_FALSE='#'
OS_LINUX_TRUE=''
OS_OPENBSD=''
OS_OPENBSD_FALSE=''
OS_OPENBSD_TRUE='#'
OS_WINDOWS=''
OS_WINDOWS_FALSE=''
OS_WINDOWS_TRUE='#'
OTOOL64=''
OTOOL=''
PACKAGE='libusb'
PACKAGE_BUGREPORT='libusb-devel@lists.sourceforge.net'
PACKAGE_NAME='libusb'
PACKAGE_STRING='libusb 1.0.16-rc10'
PACKAGE_TARNAME='libusb'
PACKAGE_URL='http://www.libusb.org/'
PACKAGE_VERSION='1.0.16-rc10'
PATH_SEPARATOR=':'
RANLIB='ranlib'
RC=''
SED='/bin/sed'
SET_MAKE=''
SHELL='/bin/bash'
STRIP='strip'
THREADS_POSIX_FALSE='#'
THREADS_POSIX_TRUE=''
USE_UDEV=''
USE_UDEV_FALSE='#'
USE_UDEV_TRUE=''
VERSION='1.0.16-rc10'
ac_ct_AR='ar'
ac_ct_CC='gcc'
ac_ct_DUMPBIN=''
am__EXEEXT_FALSE=''
am__EXEEXT_TRUE='#'
am__fastdepCC_FALSE='#'
am__fastdepCC_TRUE=''
am__include='include'
am__isrc=''
am__leading_dot='.'
am__nodep='_no'
am__quote=''
am__tar='$${TAR-tar} chof - "$$tardir"'
am__untar='$${TAR-tar} xf -'
bindir='${exec_prefix}/bin'
build='x86_64-unknown-linux-gnu'
build_alias=''
build_cpu='x86_64'
build_os='linux-gnu'
build_vendor='unknown'
datadir='${datarootdir}'
datarootdir='${prefix}/share'
docdir='${datarootdir}/doc/${PACKAGE_TARNAME}'
dvidir='${docdir}'
exec_prefix='${prefix}'
host='x86_64-unknown-linux-gnu'
host_alias=''
host_cpu='x86_64'
host_os='linux-gnu'
host_vendor='unknown'
htmldir='${docdir}'
includedir='${prefix}/include'
infodir='${datarootdir}/info'
install_sh='${SHELL} /home/luke/Projects/cgminer_keccak/compat/libusb-1.0/install-sh'
libdir='${exec_prefix}/lib'
libexecdir='${exec_prefix}/libexec'
localedir='${datarootdir}/locale'
localstatedir='${prefix}/var'
mandir='${datarootdir}/man'
mkdir_p='/bin/mkdir -p'
oldincludedir='/usr/include'
pdfdir='${docdir}'
prefix='/usr/local'
program_transform_name='s,x,x,'
psdir='${docdir}'
sbindir='${exec_prefix}/sbin'
sharedstatedir='${prefix}/com'
sysconfdir='${prefix}/etc'
target_alias=''

## ----------- ##
## confdefs.h. ##
## ----------- ##

/* confdefs.h */
#define PACKAGE_NAME "libusb"
#define PACKAGE_TARNAME "libusb"
#define PACKAGE_VERSION "1.0.16-rc10"
#define PACKAGE_STRING "libusb 1.0.16-rc10"
#define PACKAGE_BUGREPORT "libusb-devel@lists.sourceforge.net"
#define PACKAGE_URL "http://www.libusb.org/"
#define PACKAGE "libusb"
#define VERSION "1.0.16-rc10"
#define STDC_HEADERS 1
#define HAVE_SYS_TYPES_H 1
#define HAVE_SYS_STAT_H 1
#define HAVE_STDLIB_H 1
#define HAVE_STRING_H 1
#define HAVE_MEMORY_H 1
#define HAVE_STRINGS_H 1
#define HAVE_INTTYPES_H 1
#define HAVE_STDINT_H 1
#define HAVE_UNISTD_H 1
#define HAVE_DLFCN_H 1
#define LT_OBJDIR ".libs/"
#define _GNU_SOURCE 1
#define OS_LINUX 1
#define HAVE_LIBUDEV_H 1
#define HAVE_LIBUDEV 1
#define USE_UDEV 1
#define HAVE_POLL_H 1
#define POLL_NFDS_TYPE nfds_t
#define THREADS_POSIX 1
#define USBI_TIMERFD_AVAILABLE 1
#define HAVE_STRUCT_TIMESPEC 1
#define ENABLE_LOGGING 1
#define DEFAULT_VISIBILITY __attribute__((visibility("default")))
#define HAVE_SYS_TIME_H 1
#define HAVE_GETTIMEOFDAY 1

configure: exit 0
